C:\USERS\100723472\DOCUMENTS\GITHUB\RAKNET\RAKNETSERVER\DEBUG\SERVER.OBJ
C:\USERS\100723472\DOCUMENTS\GITHUB\RAKNET\RAKNETSERVER\DEBUG\SERVERMAIN.OBJ
C:\USERS\100723472\DOCUMENTS\GITHUB\RAKNET\RAKNETSERVER\DEBUG\VC110.PDB
C:\USERS\BICELY\DOCUMENTS\GITHUB\RAKNET\RAKNETSERVER\DEBUG\VC110.PDB
C:\USERS\100723472\DOCUMENTS\GITHUB\RAKNET\DEBUG\RAKNETSERVER.ILK
C:\USERS\100723472\DOCUMENTS\GITHUB\RAKNET\DEBUG\RAKNETSERVER.EXE
C:\USERS\100723472\DOCUMENTS\GITHUB\RAKNET\DEBUG\RAKNETSERVER.PDB
C:\Users\bicely\Documents\GitHub\RakNet\RaknetServer\Debug\cl.command.1.tlog
C:\Users\bicely\Documents\GitHub\RakNet\RaknetServer\Debug\CL.read.1.tlog
C:\Users\bicely\Documents\GitHub\RakNet\RaknetServer\Debug\CL.write.1.tlog
C:\Users\bicely\Documents\GitHub\RakNet\RaknetServer\Debug\link-cvtres.read.1.tlog
C:\Users\bicely\Documents\GitHub\RakNet\RaknetServer\Debug\link-cvtres.write.1.tlog
C:\Users\bicely\Documents\GitHub\RakNet\RaknetServer\Debug\link-rc.read.1.tlog
C:\Users\bicely\Documents\GitHub\RakNet\RaknetServer\Debug\link-rc.write.1.tlog
C:\Users\bicely\Documents\GitHub\RakNet\RaknetServer\Debug\link.3312-cvtres.read.1.tlog
C:\Users\bicely\Documents\GitHub\RakNet\RaknetServer\Debug\link.3312-cvtres.write.1.tlog
C:\Users\bicely\Documents\GitHub\RakNet\RaknetServer\Debug\link.3312-rc.read.1.tlog
C:\Users\bicely\Documents\GitHub\RakNet\RaknetServer\Debug\link.3312-rc.write.1.tlog
C:\Users\bicely\Documents\GitHub\RakNet\RaknetServer\Debug\link.3312.read.1.tlog
C:\Users\bicely\Documents\GitHub\RakNet\RaknetServer\Debug\link.3312.write.1.tlog
C:\Users\bicely\Documents\GitHub\RakNet\RaknetServer\Debug\link.3844-cvtres.read.1.tlog
C:\Users\bicely\Documents\GitHub\RakNet\RaknetServer\Debug\link.3844-cvtres.write.1.tlog
C:\Users\bicely\Documents\GitHub\RakNet\RaknetServer\Debug\link.3844-rc.read.1.tlog
C:\Users\bicely\Documents\GitHub\RakNet\RaknetServer\Debug\link.3844-rc.write.1.tlog
C:\Users\bicely\Documents\GitHub\RakNet\RaknetServer\Debug\link.3844.read.1.tlog
C:\Users\bicely\Documents\GitHub\RakNet\RaknetServer\Debug\link.3844.write.1.tlog
C:\Users\bicely\Documents\GitHub\RakNet\RaknetServer\Debug\link.5736-cvtres.read.1.tlog
C:\Users\bicely\Documents\GitHub\RakNet\RaknetServer\Debug\link.5736-cvtres.write.1.tlog
C:\Users\bicely\Documents\GitHub\RakNet\RaknetServer\Debug\link.5736-rc.read.1.tlog
C:\Users\bicely\Documents\GitHub\RakNet\RaknetServer\Debug\link.5736-rc.write.1.tlog
C:\Users\bicely\Documents\GitHub\RakNet\RaknetServer\Debug\link.5736.read.1.tlog
C:\Users\bicely\Documents\GitHub\RakNet\RaknetServer\Debug\link.5736.write.1.tlog
C:\Users\bicely\Documents\GitHub\RakNet\RaknetServer\Debug\link.command.1.tlog
C:\Users\bicely\Documents\GitHub\RakNet\RaknetServer\Debug\link.read.1.tlog
C:\Users\bicely\Documents\GitHub\RakNet\RaknetServer\Debug\link.write.1.tlog
C:\Users\bicely\Documents\GitHub\RakNet\RaknetServer\Debug\vc110.idb
C:\Users\bicely\Documents\GitHub\RakNet\RaknetServer\Debug\vc120.idb
C:\Users\bicely\Documents\GitHub\RakNet\RaknetServer\Debug\vc110.pdb
C:\Users\bicely\Documents\GitHub\RakNet\RaknetServer\Debug\vc120.pdb
C:\Users\bicely\Documents\GitHub\RakNet\Debug\RaknetServer.pdb
C:\Users\bicely\Documents\GitHub\RakNet\Debug\RaknetServer.exe
C:\Users\bicely\Documents\GitHub\RakNet\Debug\RaknetServer.ilk
