C:\USERS\100723472\DOCUMENTS\GITHUB\RAKNET\RAKNETTUTORIAL\DEBUG\SERVERMAIN.OBJ
C:\USERS\100723472\DOCUMENTS\GITHUB\RAKNET\RAKNETTUTORIAL\DEBUG\VC110.PDB
C:\USERS\BICELY\DOCUMENTS\GITHUB\RAKNET\RAKNETTUTORIAL\DEBUG\VC110.PDB
C:\USERS\100723472\DOCUMENTS\GITHUB\RAKNET\DEBUG\RAKNETTUTORIAL.ILK
C:\USERS\100723472\DOCUMENTS\GITHUB\RAKNET\DEBUG\RAKNETTUTORIAL.EXE
C:\USERS\100723472\DOCUMENTS\GITHUB\RAKNET\DEBUG\RAKNETTUTORIAL.PDB
C:\Users\bicely\Documents\GitHub\RakNet\RaknetTutorial\Debug\cl.command.1.tlog
C:\Users\bicely\Documents\GitHub\RakNet\RaknetTutorial\Debug\CL.read.1.tlog
C:\Users\bicely\Documents\GitHub\RakNet\RaknetTutorial\Debug\CL.write.1.tlog
C:\Users\bicely\Documents\GitHub\RakNet\RaknetTutorial\Debug\link-cvtres.read.1.tlog
C:\Users\bicely\Documents\GitHub\RakNet\RaknetTutorial\Debug\link-cvtres.write.1.tlog
C:\Users\bicely\Documents\GitHub\RakNet\RaknetTutorial\Debug\link-rc.read.1.tlog
C:\Users\bicely\Documents\GitHub\RakNet\RaknetTutorial\Debug\link-rc.write.1.tlog
C:\Users\bicely\Documents\GitHub\RakNet\RaknetTutorial\Debug\link.5080-cvtres.read.1.tlog
C:\Users\bicely\Documents\GitHub\RakNet\RaknetTutorial\Debug\link.5080-cvtres.write.1.tlog
C:\Users\bicely\Documents\GitHub\RakNet\RaknetTutorial\Debug\link.5080-rc.read.1.tlog
C:\Users\bicely\Documents\GitHub\RakNet\RaknetTutorial\Debug\link.5080-rc.write.1.tlog
C:\Users\bicely\Documents\GitHub\RakNet\RaknetTutorial\Debug\link.5080.read.1.tlog
C:\Users\bicely\Documents\GitHub\RakNet\RaknetTutorial\Debug\link.5080.write.1.tlog
C:\Users\bicely\Documents\GitHub\RakNet\RaknetTutorial\Debug\link.command.1.tlog
C:\Users\bicely\Documents\GitHub\RakNet\RaknetTutorial\Debug\link.read.1.tlog
C:\Users\bicely\Documents\GitHub\RakNet\RaknetTutorial\Debug\link.write.1.tlog
C:\Users\bicely\Documents\GitHub\RakNet\RaknetTutorial\Debug\vc110.idb
C:\Users\bicely\Documents\GitHub\RakNet\RaknetTutorial\Debug\vc120.idb
C:\Users\bicely\Documents\GitHub\RakNet\RaknetTutorial\Debug\vc110.pdb
C:\Users\bicely\Documents\GitHub\RakNet\RaknetTutorial\Debug\vc120.pdb
C:\Users\bicely\Documents\GitHub\RakNet\Debug\RaknetTutorial.pdb
C:\Users\bicely\Documents\GitHub\RakNet\Debug\RaknetTutorial.exe
C:\Users\bicely\Documents\GitHub\RakNet\Debug\RaknetTutorial.ilk
