C:\USERS\100723472\DOCUMENTS\GITHUB\RAKNET\RAKNETCLIENT\DEBUG\CLIENT.OBJ
C:\USERS\100723472\DOCUMENTS\GITHUB\RAKNET\RAKNETCLIENT\DEBUG\CLIENTMAIN.OBJ
C:\USERS\100723472\DOCUMENTS\GITHUB\RAKNET\RAKNETCLIENT\DEBUG\VC110.PDB
C:\USERS\BICELY\DOCUMENTS\GITHUB\RAKNET\RAKNETCLIENT\DEBUG\VC110.PDB
C:\USERS\100723472\DOCUMENTS\GITHUB\RAKNET\DEBUG\RAKNETCLIENT.ILK
C:\USERS\100723472\DOCUMENTS\GITHUB\RAKNET\DEBUG\RAKNETCLIENT.EXE
C:\USERS\100723472\DOCUMENTS\GITHUB\RAKNET\DEBUG\RAKNETCLIENT.PDB
C:\Users\bicely\Documents\GitHub\RakNet\RaknetClient\Debug\cl.command.1.tlog
C:\Users\bicely\Documents\GitHub\RakNet\RaknetClient\Debug\CL.read.1.tlog
C:\Users\bicely\Documents\GitHub\RakNet\RaknetClient\Debug\CL.write.1.tlog
C:\Users\bicely\Documents\GitHub\RakNet\RaknetClient\Debug\link-cvtres.read.1.tlog
C:\Users\bicely\Documents\GitHub\RakNet\RaknetClient\Debug\link-cvtres.write.1.tlog
C:\Users\bicely\Documents\GitHub\RakNet\RaknetClient\Debug\link-rc.read.1.tlog
C:\Users\bicely\Documents\GitHub\RakNet\RaknetClient\Debug\link-rc.write.1.tlog
C:\Users\bicely\Documents\GitHub\RakNet\RaknetClient\Debug\link.2564-cvtres.read.1.tlog
C:\Users\bicely\Documents\GitHub\RakNet\RaknetClient\Debug\link.2564-cvtres.write.1.tlog
C:\Users\bicely\Documents\GitHub\RakNet\RaknetClient\Debug\link.2564-rc.read.1.tlog
C:\Users\bicely\Documents\GitHub\RakNet\RaknetClient\Debug\link.2564-rc.write.1.tlog
C:\Users\bicely\Documents\GitHub\RakNet\RaknetClient\Debug\link.2564.read.1.tlog
C:\Users\bicely\Documents\GitHub\RakNet\RaknetClient\Debug\link.2564.write.1.tlog
C:\Users\bicely\Documents\GitHub\RakNet\RaknetClient\Debug\link.5252-cvtres.read.1.tlog
C:\Users\bicely\Documents\GitHub\RakNet\RaknetClient\Debug\link.5252-cvtres.write.1.tlog
C:\Users\bicely\Documents\GitHub\RakNet\RaknetClient\Debug\link.5252-rc.read.1.tlog
C:\Users\bicely\Documents\GitHub\RakNet\RaknetClient\Debug\link.5252-rc.write.1.tlog
C:\Users\bicely\Documents\GitHub\RakNet\RaknetClient\Debug\link.5252.read.1.tlog
C:\Users\bicely\Documents\GitHub\RakNet\RaknetClient\Debug\link.5252.write.1.tlog
C:\Users\bicely\Documents\GitHub\RakNet\RaknetClient\Debug\link.5460-cvtres.read.1.tlog
C:\Users\bicely\Documents\GitHub\RakNet\RaknetClient\Debug\link.5460-cvtres.write.1.tlog
C:\Users\bicely\Documents\GitHub\RakNet\RaknetClient\Debug\link.5460-rc.read.1.tlog
C:\Users\bicely\Documents\GitHub\RakNet\RaknetClient\Debug\link.5460-rc.write.1.tlog
C:\Users\bicely\Documents\GitHub\RakNet\RaknetClient\Debug\link.5460.read.1.tlog
C:\Users\bicely\Documents\GitHub\RakNet\RaknetClient\Debug\link.5460.write.1.tlog
C:\Users\bicely\Documents\GitHub\RakNet\RaknetClient\Debug\link.5520-cvtres.read.1.tlog
C:\Users\bicely\Documents\GitHub\RakNet\RaknetClient\Debug\link.5520-cvtres.write.1.tlog
C:\Users\bicely\Documents\GitHub\RakNet\RaknetClient\Debug\link.5520-rc.read.1.tlog
C:\Users\bicely\Documents\GitHub\RakNet\RaknetClient\Debug\link.5520-rc.write.1.tlog
C:\Users\bicely\Documents\GitHub\RakNet\RaknetClient\Debug\link.5520.read.1.tlog
C:\Users\bicely\Documents\GitHub\RakNet\RaknetClient\Debug\link.5520.write.1.tlog
C:\Users\bicely\Documents\GitHub\RakNet\RaknetClient\Debug\link.5576-cvtres.read.1.tlog
C:\Users\bicely\Documents\GitHub\RakNet\RaknetClient\Debug\link.5576-cvtres.write.1.tlog
C:\Users\bicely\Documents\GitHub\RakNet\RaknetClient\Debug\link.5576-rc.read.1.tlog
C:\Users\bicely\Documents\GitHub\RakNet\RaknetClient\Debug\link.5576-rc.write.1.tlog
C:\Users\bicely\Documents\GitHub\RakNet\RaknetClient\Debug\link.5576.read.1.tlog
C:\Users\bicely\Documents\GitHub\RakNet\RaknetClient\Debug\link.5576.write.1.tlog
C:\Users\bicely\Documents\GitHub\RakNet\RaknetClient\Debug\link.command.1.tlog
C:\Users\bicely\Documents\GitHub\RakNet\RaknetClient\Debug\link.read.1.tlog
C:\Users\bicely\Documents\GitHub\RakNet\RaknetClient\Debug\link.write.1.tlog
C:\Users\bicely\Documents\GitHub\RakNet\RaknetClient\Debug\vc110.idb
C:\Users\bicely\Documents\GitHub\RakNet\RaknetClient\Debug\vc120.idb
C:\Users\bicely\Documents\GitHub\RakNet\RaknetClient\Debug\vc110.pdb
C:\Users\bicely\Documents\GitHub\RakNet\RaknetClient\Debug\vc120.pdb
C:\Users\bicely\Documents\GitHub\RakNet\Debug\RaknetClient.pdb
C:\Users\bicely\Documents\GitHub\RakNet\Debug\RaknetClient.exe
C:\Users\bicely\Documents\GitHub\RakNet\Debug\RaknetClient.ilk
